TN:
SF:src/App.js
FN:6,(anonymous_0)
FN:27,(anonymous_1)
FN:31,(anonymous_2)
FN:35,(anonymous_3)
FN:41,(anonymous_4)
FN:47,(anonymous_5)
FN:52,(anonymous_6)
FN:58,(anonymous_7)
FN:66,(anonymous_8)
FN:78,(anonymous_9)
FN:96,(anonymous_10)
FN:113,(anonymous_11)
FN:157,(anonymous_12)
FNF:13
FNH:13
FNDA:21,(anonymous_0)
FNDA:21,(anonymous_1)
FNDA:21,(anonymous_2)
FNDA:7,(anonymous_3)
FNDA:6,(anonymous_4)
FNDA:2,(anonymous_5)
FNDA:1,(anonymous_6)
FNDA:2,(anonymous_7)
FNDA:1,(anonymous_8)
FNDA:31,(anonymous_9)
FNDA:31,(anonymous_10)
FNDA:10,(anonymous_11)
FNDA:1,(anonymous_12)
DA:7,21
DA:10,21
DA:12,21
DA:17,21
DA:18,21
DA:21,21
DA:22,21
DA:23,21
DA:24,21
DA:28,21
DA:36,7
DA:37,1
DA:38,1
DA:41,6
DA:48,2
DA:49,1
DA:52,1
DA:59,2
DA:60,2
DA:67,1
DA:68,1
DA:69,0
DA:72,1
DA:79,31
DA:81,31
DA:82,2
DA:84,29
DA:85,1
DA:87,28
DA:88,13
DA:90,15
DA:91,2
DA:93,13
DA:97,31
DA:98,31
DA:100,31
DA:114,10
DA:157,1
LF:38
LH:37
BRDA:10,0,0,21
BRDA:10,0,1,0
BRDA:36,1,0,1
BRDA:36,1,1,6
BRDA:48,2,0,1
BRDA:48,2,1,1
BRDA:59,3,0,2
BRDA:59,3,1,0
BRDA:68,4,0,0
BRDA:68,4,1,1
BRDA:81,5,0,2
BRDA:81,5,1,29
BRDA:84,6,0,1
BRDA:84,6,1,28
BRDA:87,7,0,13
BRDA:87,7,1,15
BRDA:90,8,0,2
BRDA:90,8,1,13
BRF:18
BRH:15
end_of_record
TN:
SF:src/index.js
FNF:0
FNH:0
DA:6,0
DA:7,0
LF:2
LH:0
BRF:0
BRH:0
end_of_record
